../simv up to date
CPU time: 14.573 seconds to compile + .758 seconds to elab + .922 seconds to link
Chronologic VCS simulator copyright 1991-2023
Contains Synopsys proprietary information.
Compiler version U-2023.03-SP2_Full64; Runtime version U-2023.03-SP2_Full64;  Jul 25 16:58 2025
----------------------------------------------------------------
UVM-1.1d.Synopsys
(C) 2007-2013 Mentor Graphics Corporation
(C) 2007-2013 Cadence Design Systems, Inc.
(C) 2006-2013 Synopsys, Inc.
(C) 2011-2013 Cypress Semiconductor Corp.
----------------------------------------------------------------

  ***********       IMPORTANT RELEASE NOTES         ************

  You are using a version of the UVM library that has been compiled
  with `UVM_NO_DEPRECATED undefined.
  See http://www.eda.org/svdb/view.php?id=3313 for more details.

  You are using a version of the UVM library that has been compiled
  with `UVM_OBJECT_MUST_HAVE_CONSTRUCTOR undefined.
  See http://www.eda.org/svdb/view.php?id=3770 for more details.

      (Specify +UVM_NO_RELNOTES to turn off this notice)

UVM_INFO @ 0: reporter [RNTST] Running test base_test...
UVM_INFO testbench.sv(232) @ 0: uvm_test_top [TEST] Starting the random_tlp_sequence
UVM_INFO testbench.sv(88) @ 0: uvm_test_top.m_pcie_env.m_pcie_agent.m_sequencer@@seq [SEQ] Generating 20 TLPs
UVM_INFO testbench.sv(96) @ 0: uvm_test_top.m_pcie_env.m_pcie_agent.m_sequencer@@seq [SEQ] Generated TLP: --------------------------------------------------------------------------------------------------------
Name                           Type           Size  Value                                               
--------------------------------------------------------------------------------------------------------
req                            pcie_tlp_item  -     @656                                                
  tlp_type                     tlp_type_e     32    MEM_WR                                              
  address                      integral       32    'hdaf12e20                                          
  length                       integral       32    'h24                                                
  data                         da(integral)   144   -                                                   
    [0]                        integral       8     'h97                                                
    [1]                        integral       8     'he8                                                
    [2]                        integral       8     'he8                                                
    [3]                        integral       8     'h15                                                
    [4]                        integral       8     'hc7                                                
    ...                        ...            ...   ...                                                 
    [139]                      integral       8     'hac                                                
    [140]                      integral       8     'hc8                                                
    [141]                      integral       8     'hb7                                                
    [142]                      integral       8     'h4f                                                
    [143]                      integral       8     'h79                                                
  begin_time                   time           64    0                                                   
  depth                        int            32    'd2                                                 
  parent sequence (name)       string         3     seq                                                 
  parent sequence (full name)  string         52    uvm_test_top.m_pcie_env.m_pcie_agent.m_sequencer.seq
  sequencer                    string         48    uvm_test_top.m_pcie_env.m_pcie_agent.m_sequencer    
--------------------------------------------------------------------------------------------------------

UVM_INFO testbench.sv(130) @ 0: uvm_test_top.m_pcie_env.m_pcie_agent.m_driver [pcie_driver] Driving TLP:
--------------------------------------------------------------------------------------------------------
Name                           Type           Size  Value                                               
--------------------------------------------------------------------------------------------------------
req                            pcie_tlp_item  -     @656                                                
  tlp_type                     tlp_type_e     32    MEM_WR                                              
  address                      integral       32    'hdaf12e20                                          
  length                       integral       32    'h24                                                
  data                         da(integral)   144   -                                                   
    [0]                        integral       8     'h97                                                
    [1]                        integral       8     'he8                                                
    [2]                        integral       8     'he8                                                
    [3]                        integral       8     'h15                                                
    [4]                        integral       8     'hc7                                                
    ...                        ...            ...   ...                                                 
    [139]                      integral       8     'hac                                                
    [140]                      integral       8     'hc8                                                
    [141]                      integral       8     'hb7                                                
    [142]                      integral       8     'h4f                                                
    [143]                      integral       8     'h79                                                
  begin_time                   time           64    0                                                   
  depth                        int            32    'd2                                                 
  parent sequence (name)       string         3     seq                                                 
  parent sequence (full name)  string         52    uvm_test_top.m_pcie_env.m_pcie_agent.m_sequencer.seq
  sequencer                    string         48    uvm_test_top.m_pcie_env.m_pcie_agent.m_sequencer    
--------------------------------------------------------------------------------------------------------

UVM_INFO testbench.sv(96) @ 365: uvm_test_top.m_pcie_env.m_pcie_agent.m_sequencer@@seq [SEQ] Generated TLP: --------------------------------------------------------------------------------------------------------
Name                           Type           Size  Value                                               
--------------------------------------------------------------------------------------------------------
req                            pcie_tlp_item  -     @685                                                
  tlp_type                     tlp_type_e     32    CFG_RD                                              
  address                      integral       32    'h18c73ac                                           
  length                       integral       32    'h2e                                                
  data                         da(integral)   0     -                                                   
  begin_time                   time           64    365                                                 
  depth                        int            32    'd2                                                 
  parent sequence (name)       string         3     seq                                                 
  parent sequence (full name)  string         52    uvm_test_top.m_pcie_env.m_pcie_agent.m_sequencer.seq
  sequencer                    string         48    uvm_test_top.m_pcie_env.m_pcie_agent.m_sequencer    
--------------------------------------------------------------------------------------------------------

UVM_INFO testbench.sv(130) @ 365: uvm_test_top.m_pcie_env.m_pcie_agent.m_driver [pcie_driver] Driving TLP:
--------------------------------------------------------------------------------------------------------
Name                           Type           Size  Value                                               
--------------------------------------------------------------------------------------------------------
req                            pcie_tlp_item  -     @685                                                
  tlp_type                     tlp_type_e     32    CFG_RD                                              
  address                      integral       32    'h18c73ac                                           
  length                       integral       32    'h2e                                                
  data                         da(integral)   0     -                                                   
  begin_time                   time           64    365                                                 
  depth                        int            32    'd2                                                 
  parent sequence (name)       string         3     seq                                                 
  parent sequence (full name)  string         52    uvm_test_top.m_pcie_env.m_pcie_agent.m_sequencer.seq
  sequencer                    string         48    uvm_test_top.m_pcie_env.m_pcie_agent.m_sequencer    
--------------------------------------------------------------------------------------------------------

UVM_INFO testbench.sv(96) @ 385: uvm_test_top.m_pcie_env.m_pcie_agent.m_sequencer@@seq [SEQ] Generated TLP: --------------------------------------------------------------------------------------------------------
Name                           Type           Size  Value                                               
--------------------------------------------------------------------------------------------------------
req                            pcie_tlp_item  -     @689                                                
  tlp_type                     tlp_type_e     32    MEM_WR                                              
  address                      integral       32    'hff9ca6f0                                          
  length                       integral       32    'h3                                                 
  data                         da(integral)   12    -                                                   
    [0]                        integral       8     'ha1                                                
    [1]                        integral       8     'h6c                                                
    [2]                        integral       8     'he7                                                
    [3]                        integral       8     'hdf                                                
    [4]                        integral       8     'h95                                                
    ...                        ...            ...   ...                                                 
    [7]                        integral       8     'h2                                                 
    [8]                        integral       8     'h8e                                                
    [9]                        integral       8     'hd9                                                
    [10]                       integral       8     'hd5                                                
    [11]                       integral       8     'hcf                                                
  begin_time                   time           64    385                                                 
  depth                        int            32    'd2                                                 
  parent sequence (name)       string         3     seq                                                 
  parent sequence (full name)  string         52    uvm_test_top.m_pcie_env.m_pcie_agent.m_sequencer.seq
  sequencer                    string         48    uvm_test_top.m_pcie_env.m_pcie_agent.m_sequencer    
--------------------------------------------------------------------------------------------------------

UVM_INFO testbench.sv(130) @ 385: uvm_test_top.m_pcie_env.m_pcie_agent.m_driver [pcie_driver] Driving TLP:
--------------------------------------------------------------------------------------------------------
Name                           Type           Size  Value                                               
--------------------------------------------------------------------------------------------------------
req                            pcie_tlp_item  -     @689                                                
  tlp_type                     tlp_type_e     32    MEM_WR                                              
  address                      integral       32    'hff9ca6f0                                          
  length                       integral       32    'h3                                                 
  data                         da(integral)   12    -                                                   
    [0]                        integral       8     'ha1                                                
    [1]                        integral       8     'h6c                                                
    [2]                        integral       8     'he7                                                
    [3]                        integral       8     'hdf                                                
    [4]                        integral       8     'h95                                                
    ...                        ...            ...   ...                                                 
    [7]                        integral       8     'h2                                                 
    [8]                        integral       8     'h8e                                                
    [9]                        integral       8     'hd9                                                
    [10]                       integral       8     'hd5                                                
    [11]                       integral       8     'hcf                                                
  begin_time                   time           64    385                                                 
  depth                        int            32    'd2                                                 
  parent sequence (name)       string         3     seq                                                 
  parent sequence (full name)  string         52    uvm_test_top.m_pcie_env.m_pcie_agent.m_sequencer.seq
  sequencer                    string         48    uvm_test_top.m_pcie_env.m_pcie_agent.m_sequencer    
--------------------------------------------------------------------------------------------------------

UVM_INFO testbench.sv(96) @ 425: uvm_test_top.m_pcie_env.m_pcie_agent.m_sequencer@@seq [SEQ] Generated TLP: --------------------------------------------------------------------------------------------------------
Name                           Type           Size  Value                                               
--------------------------------------------------------------------------------------------------------
req                            pcie_tlp_item  -     @693                                                
  tlp_type                     tlp_type_e     32    CFG_RD                                              
  address                      integral       32    'h2a31b668                                          
  length                       integral       32    'h2a                                                
  data                         da(integral)   0     -                                                   
  begin_time                   time           64    425                                                 
  depth                        int            32    'd2                                                 
  parent sequence (name)       string         3     seq                                                 
  parent sequence (full name)  string         52    uvm_test_top.m_pcie_env.m_pcie_agent.m_sequencer.seq
  sequencer                    string         48    uvm_test_top.m_pcie_env.m_pcie_agent.m_sequencer    
--------------------------------------------------------------------------------------------------------

UVM_INFO testbench.sv(130) @ 425: uvm_test_top.m_pcie_env.m_pcie_agent.m_driver [pcie_driver] Driving TLP:
--------------------------------------------------------------------------------------------------------
Name                           Type           Size  Value                                               
--------------------------------------------------------------------------------------------------------
req                            pcie_tlp_item  -     @693                                                
  tlp_type                     tlp_type_e     32    CFG_RD                                              
  address                      integral       32    'h2a31b668                                          
  length                       integral       32    'h2a                                                
  data                         da(integral)   0     -                                                   
  begin_time                   time           64    425                                                 
  depth                        int            32    'd2                                                 
  parent sequence (name)       string         3     seq                                                 
  parent sequence (full name)  string         52    uvm_test_top.m_pcie_env.m_pcie_agent.m_sequencer.seq
  sequencer                    string         48    uvm_test_top.m_pcie_env.m_pcie_agent.m_sequencer    
--------------------------------------------------------------------------------------------------------

UVM_INFO testbench.sv(96) @ 445: uvm_test_top.m_pcie_env.m_pcie_agent.m_sequencer@@seq [SEQ] Generated TLP: --------------------------------------------------------------------------------------------------------
Name                           Type           Size  Value                                               
--------------------------------------------------------------------------------------------------------
req                            pcie_tlp_item  -     @697                                                
  tlp_type                     tlp_type_e     32    CFG_WR                                              
  address                      integral       32    'h5c6011bc                                          
  length                       integral       32    'h3c                                                
  data                         da(integral)   240   -                                                   
    [0]                        integral       8     'hd2                                                
    [1]                        integral       8     'h96                                                
    [2]                        integral       8     'he2                                                
    [3]                        integral       8     'hc                                                 
    [4]                        integral       8     'hb7                                                
    ...                        ...            ...   ...                                                 
    [235]                      integral       8     'h4e                                                
    [236]                      integral       8     'hb2                                                
    [237]                      integral       8     'h53                                                
    [238]                      integral       8     'hc1                                                
    [239]                      integral       8     'h16                                                
  begin_time                   time           64    445                                                 
  depth                        int            32    'd2                                                 
  parent sequence (name)       string         3     seq                                                 
  parent sequence (full name)  string         52    uvm_test_top.m_pcie_env.m_pcie_agent.m_sequencer.seq
  sequencer                    string         48    uvm_test_top.m_pcie_env.m_pcie_agent.m_sequencer    
--------------------------------------------------------------------------------------------------------

UVM_INFO testbench.sv(130) @ 445: uvm_test_top.m_pcie_env.m_pcie_agent.m_driver [pcie_driver] Driving TLP:
--------------------------------------------------------------------------------------------------------
Name                           Type           Size  Value                                               
--------------------------------------------------------------------------------------------------------
req                            pcie_tlp_item  -     @697                                                
  tlp_type                     tlp_type_e     32    CFG_WR                                              
  address                      integral       32    'h5c6011bc                                          
  length                       integral       32    'h3c                                                
  data                         da(integral)   240   -                                                   
    [0]                        integral       8     'hd2                                                
    [1]                        integral       8     'h96                                                
    [2]                        integral       8     'he2                                                
    [3]                        integral       8     'hc                                                 
    [4]                        integral       8     'hb7                                                
    ...                        ...            ...   ...                                                 
    [235]                      integral       8     'h4e                                                
    [236]                      integral       8     'hb2                                                
    [237]                      integral       8     'h53                                                
    [238]                      integral       8     'hc1                                                
    [239]                      integral       8     'h16                                                
  begin_time                   time           64    445                                                 
  depth                        int            32    'd2                                                 
  parent sequence (name)       string         3     seq                                                 
  parent sequence (full name)  string         52    uvm_test_top.m_pcie_env.m_pcie_agent.m_sequencer.seq
  sequencer                    string         48    uvm_test_top.m_pcie_env.m_pcie_agent.m_sequencer    
--------------------------------------------------------------------------------------------------------

UVM_INFO testbench.sv(96) @ 1055: uvm_test_top.m_pcie_env.m_pcie_agent.m_sequencer@@seq [SEQ] Generated TLP: --------------------------------------------------------------------------------------------------------
Name                           Type           Size  Value                                               
--------------------------------------------------------------------------------------------------------
req                            pcie_tlp_item  -     @701                                                
  tlp_type                     tlp_type_e     32    MEM_WR                                              
  address                      integral       32    'h801c751c                                          
  length                       integral       32    'h2d                                                
  data                         da(integral)   180   -                                                   
    [0]                        integral       8     'hcf                                                
    [1]                        integral       8     'hcb                                                
    [2]                        integral       8     'h0                                                 
    [3]                        integral       8     'h2a                                                
    [4]                        integral       8     'h1d                                                
    ...                        ...            ...   ...                                                 
    [175]                      integral       8     'h96                                                
    [176]                      integral       8     'hc2                                                
    [177]                      integral       8     'hbb                                                
    [178]                      integral       8     'h1d                                                
    [179]                      integral       8     'h56                                                
  begin_time                   time           64    1055                                                
  depth                        int            32    'd2                                                 
  parent sequence (name)       string         3     seq                                                 
  parent sequence (full name)  string         52    uvm_test_top.m_pcie_env.m_pcie_agent.m_sequencer.seq
  sequencer                    string         48    uvm_test_top.m_pcie_env.m_pcie_agent.m_sequencer    
--------------------------------------------------------------------------------------------------------

UVM_INFO testbench.sv(130) @ 1055: uvm_test_top.m_pcie_env.m_pcie_agent.m_driver [pcie_driver] Driving TLP:
--------------------------------------------------------------------------------------------------------
Name                           Type           Size  Value                                               
--------------------------------------------------------------------------------------------------------
req                            pcie_tlp_item  -     @701                                                
  tlp_type                     tlp_type_e     32    MEM_WR                                              
  address                      integral       32    'h801c751c                                          
  length                       integral       32    'h2d                                                
  data                         da(integral)   180   -                                                   
    [0]                        integral       8     'hcf                                                
    [1]                        integral       8     'hcb                                                
    [2]                        integral       8     'h0                                                 
    [3]                        integral       8     'h2a                                                
    [4]                        integral       8     'h1d                                                
    ...                        ...            ...   ...                                                 
    [175]                      integral       8     'h96                                                
    [176]                      integral       8     'hc2                                                
    [177]                      integral       8     'hbb                                                
    [178]                      integral       8     'h1d                                                
    [179]                      integral       8     'h56                                                
  begin_time                   time           64    1055                                                
  depth                        int            32    'd2                                                 
  parent sequence (name)       string         3     seq                                                 
  parent sequence (full name)  string         52    uvm_test_top.m_pcie_env.m_pcie_agent.m_sequencer.seq
  sequencer                    string         48    uvm_test_top.m_pcie_env.m_pcie_agent.m_sequencer    
--------------------------------------------------------------------------------------------------------

UVM_INFO testbench.sv(96) @ 1515: uvm_test_top.m_pcie_env.m_pcie_agent.m_sequencer@@seq [SEQ] Generated TLP: --------------------------------------------------------------------------------------------------------
Name                           Type           Size  Value                                               
--------------------------------------------------------------------------------------------------------
req                            pcie_tlp_item  -     @705                                                
  tlp_type                     tlp_type_e     32    MEM_WR                                              
  address                      integral       32    'hc1a16890                                          
  length                       integral       32    'h32                                                
  data                         da(integral)   200   -                                                   
    [0]                        integral       8     'ha                                                 
    [1]                        integral       8     'h46                                                
    [2]                        integral       8     'h37                                                
    [3]                        integral       8     'hb7                                                
    [4]                        integral       8     'h1d                                                
    ...                        ...            ...   ...                                                 
    [195]                      integral       8     'h48                                                
    [196]                      integral       8     'h14                                                
    [197]                      integral       8     'h81                                                
    [198]                      integral       8     'h40                                                
    [199]                      integral       8     'h16                                                
  begin_time                   time           64    1515                                                
  depth                        int            32    'd2                                                 
  parent sequence (name)       string         3     seq                                                 
  parent sequence (full name)  string         52    uvm_test_top.m_pcie_env.m_pcie_agent.m_sequencer.seq
  sequencer                    string         48    uvm_test_top.m_pcie_env.m_pcie_agent.m_sequencer    
--------------------------------------------------------------------------------------------------------

UVM_INFO testbench.sv(130) @ 1515: uvm_test_top.m_pcie_env.m_pcie_agent.m_driver [pcie_driver] Driving TLP:
--------------------------------------------------------------------------------------------------------
Name                           Type           Size  Value                                               
--------------------------------------------------------------------------------------------------------
req                            pcie_tlp_item  -     @705                                                
  tlp_type                     tlp_type_e     32    MEM_WR                                              
  address                      integral       32    'hc1a16890                                          
  length                       integral       32    'h32                                                
  data                         da(integral)   200   -                                                   
    [0]                        integral       8     'ha                                                 
    [1]                        integral       8     'h46                                                
    [2]                        integral       8     'h37                                                
    [3]                        integral       8     'hb7                                                
    [4]                        integral       8     'h1d                                                
    ...                        ...            ...   ...                                                 
    [195]                      integral       8     'h48                                                
    [196]                      integral       8     'h14                                                
    [197]                      integral       8     'h81                                                
    [198]                      integral       8     'h40                                                
    [199]                      integral       8     'h16                                                
  begin_time                   time           64    1515                                                
  depth                        int            32    'd2                                                 
  parent sequence (name)       string         3     seq                                                 
  parent sequence (full name)  string         52    uvm_test_top.m_pcie_env.m_pcie_agent.m_sequencer.seq
  sequencer                    string         48    uvm_test_top.m_pcie_env.m_pcie_agent.m_sequencer    
--------------------------------------------------------------------------------------------------------

UVM_INFO testbench.sv(96) @ 2025: uvm_test_top.m_pcie_env.m_pcie_agent.m_sequencer@@seq [SEQ] Generated TLP: --------------------------------------------------------------------------------------------------------
Name                           Type           Size  Value                                               
--------------------------------------------------------------------------------------------------------
req                            pcie_tlp_item  -     @709                                                
  tlp_type                     tlp_type_e     32    MEM_RD                                              
  address                      integral       32    'hca05c810                                          
  length                       integral       32    'h13                                                
  data                         da(integral)   0     -                                                   
  begin_time                   time           64    2025                                                
  depth                        int            32    'd2                                                 
  parent sequence (name)       string         3     seq                                                 
  parent sequence (full name)  string         52    uvm_test_top.m_pcie_env.m_pcie_agent.m_sequencer.seq
  sequencer                    string         48    uvm_test_top.m_pcie_env.m_pcie_agent.m_sequencer    
--------------------------------------------------------------------------------------------------------

UVM_INFO testbench.sv(130) @ 2025: uvm_test_top.m_pcie_env.m_pcie_agent.m_driver [pcie_driver] Driving TLP:
--------------------------------------------------------------------------------------------------------
Name                           Type           Size  Value                                               
--------------------------------------------------------------------------------------------------------
req                            pcie_tlp_item  -     @709                                                
  tlp_type                     tlp_type_e     32    MEM_RD                                              
  address                      integral       32    'hca05c810                                          
  length                       integral       32    'h13                                                
  data                         da(integral)   0     -                                                   
  begin_time                   time           64    2025                                                
  depth                        int            32    'd2                                                 
  parent sequence (name)       string         3     seq                                                 
  parent sequence (full name)  string         52    uvm_test_top.m_pcie_env.m_pcie_agent.m_sequencer.seq
  sequencer                    string         48    uvm_test_top.m_pcie_env.m_pcie_agent.m_sequencer    
--------------------------------------------------------------------------------------------------------

UVM_INFO testbench.sv(96) @ 2045: uvm_test_top.m_pcie_env.m_pcie_agent.m_sequencer@@seq [SEQ] Generated TLP: --------------------------------------------------------------------------------------------------------
Name                           Type           Size  Value                                               
--------------------------------------------------------------------------------------------------------
req                            pcie_tlp_item  -     @713                                                
  tlp_type                     tlp_type_e     32    MEM_WR                                              
  address                      integral       32    'h42c4a99c                                          
  length                       integral       32    'h29                                                
  data                         da(integral)   164   -                                                   
    [0]                        integral       8     'h6c                                                
    [1]                        integral       8     'ha3                                                
    [2]                        integral       8     'h16                                                
    [3]                        integral       8     'hd3                                                
    [4]                        integral       8     'h87                                                
    ...                        ...            ...   ...                                                 
    [159]                      integral       8     'h46                                                
    [160]                      integral       8     'h69                                                
    [161]                      integral       8     'h46                                                
    [162]                      integral       8     'h4e                                                
    [163]                      integral       8     'h8                                                 
  begin_time                   time           64    2045                                                
  depth                        int            32    'd2                                                 
  parent sequence (name)       string         3     seq                                                 
  parent sequence (full name)  string         52    uvm_test_top.m_pcie_env.m_pcie_agent.m_sequencer.seq
  sequencer                    string         48    uvm_test_top.m_pcie_env.m_pcie_agent.m_sequencer    
--------------------------------------------------------------------------------------------------------

UVM_INFO testbench.sv(130) @ 2045: uvm_test_top.m_pcie_env.m_pcie_agent.m_driver [pcie_driver] Driving TLP:
--------------------------------------------------------------------------------------------------------
Name                           Type           Size  Value                                               
--------------------------------------------------------------------------------------------------------
req                            pcie_tlp_item  -     @713                                                
  tlp_type                     tlp_type_e     32    MEM_WR                                              
  address                      integral       32    'h42c4a99c                                          
  length                       integral       32    'h29                                                
  data                         da(integral)   164   -                                                   
    [0]                        integral       8     'h6c                                                
    [1]                        integral       8     'ha3                                                
    [2]                        integral       8     'h16                                                
    [3]                        integral       8     'hd3                                                
    [4]                        integral       8     'h87                                                
    ...                        ...            ...   ...                                                 
    [159]                      integral       8     'h46                                                
    [160]                      integral       8     'h69                                                
    [161]                      integral       8     'h46                                                
    [162]                      integral       8     'h4e                                                
    [163]                      integral       8     'h8                                                 
  begin_time                   time           64    2045                                                
  depth                        int            32    'd2                                                 
  parent sequence (name)       string         3     seq                                                 
  parent sequence (full name)  string         52    uvm_test_top.m_pcie_env.m_pcie_agent.m_sequencer.seq
  sequencer                    string         48    uvm_test_top.m_pcie_env.m_pcie_agent.m_sequencer    
--------------------------------------------------------------------------------------------------------

UVM_INFO testbench.sv(96) @ 2465: uvm_test_top.m_pcie_env.m_pcie_agent.m_sequencer@@seq [SEQ] Generated TLP: --------------------------------------------------------------------------------------------------------
Name                           Type           Size  Value                                               
--------------------------------------------------------------------------------------------------------
req                            pcie_tlp_item  -     @717                                                
  tlp_type                     tlp_type_e     32    CFG_RD                                              
  address                      integral       32    'h8ddce8dc                                          
  length                       integral       32    'h1e                                                
  data                         da(integral)   0     -                                                   
  begin_time                   time           64    2465                                                
  depth                        int            32    'd2                                                 
  parent sequence (name)       string         3     seq                                                 
  parent sequence (full name)  string         52    uvm_test_top.m_pcie_env.m_pcie_agent.m_sequencer.seq
  sequencer                    string         48    uvm_test_top.m_pcie_env.m_pcie_agent.m_sequencer    
--------------------------------------------------------------------------------------------------------

UVM_INFO testbench.sv(130) @ 2465: uvm_test_top.m_pcie_env.m_pcie_agent.m_driver [pcie_driver] Driving TLP:
--------------------------------------------------------------------------------------------------------
Name                           Type           Size  Value                                               
--------------------------------------------------------------------------------------------------------
req                            pcie_tlp_item  -     @717                                                
  tlp_type                     tlp_type_e     32    CFG_RD                                              
  address                      integral       32    'h8ddce8dc                                          
  length                       integral       32    'h1e                                                
  data                         da(integral)   0     -                                                   
  begin_time                   time           64    2465                                                
  depth                        int            32    'd2                                                 
  parent sequence (name)       string         3     seq                                                 
  parent sequence (full name)  string         52    uvm_test_top.m_pcie_env.m_pcie_agent.m_sequencer.seq
  sequencer                    string         48    uvm_test_top.m_pcie_env.m_pcie_agent.m_sequencer    
--------------------------------------------------------------------------------------------------------

UVM_INFO testbench.sv(96) @ 2485: uvm_test_top.m_pcie_env.m_pcie_agent.m_sequencer@@seq [SEQ] Generated TLP: --------------------------------------------------------------------------------------------------------
Name                           Type           Size  Value                                               
--------------------------------------------------------------------------------------------------------
req                            pcie_tlp_item  -     @721                                                
  tlp_type                     tlp_type_e     32    CFG_WR                                              
  address                      integral       32    'hc0e9dc40                                          
  length                       integral       32    'h3a                                                
  data                         da(integral)   232   -                                                   
    [0]                        integral       8     'h97                                                
    [1]                        integral       8     'hbe                                                
    [2]                        integral       8     'hd1                                                
    [3]                        integral       8     'hd8                                                
    [4]                        integral       8     'h72                                                
    ...                        ...            ...   ...                                                 
    [227]                      integral       8     'h9d                                                
    [228]                      integral       8     'h7d                                                
    [229]                      integral       8     'h7c                                                
    [230]                      integral       8     'h46                                                
    [231]                      integral       8     'hbd                                                
  begin_time                   time           64    2485                                                
  depth                        int            32    'd2                                                 
  parent sequence (name)       string         3     seq                                                 
  parent sequence (full name)  string         52    uvm_test_top.m_pcie_env.m_pcie_agent.m_sequencer.seq
  sequencer                    string         48    uvm_test_top.m_pcie_env.m_pcie_agent.m_sequencer    
--------------------------------------------------------------------------------------------------------

UVM_INFO testbench.sv(130) @ 2485: uvm_test_top.m_pcie_env.m_pcie_agent.m_driver [pcie_driver] Driving TLP:
--------------------------------------------------------------------------------------------------------
Name                           Type           Size  Value                                               
--------------------------------------------------------------------------------------------------------
req                            pcie_tlp_item  -     @721                                                
  tlp_type                     tlp_type_e     32    CFG_WR                                              
  address                      integral       32    'hc0e9dc40                                          
  length                       integral       32    'h3a                                                
  data                         da(integral)   232   -                                                   
    [0]                        integral       8     'h97                                                
    [1]                        integral       8     'hbe                                                
    [2]                        integral       8     'hd1                                                
    [3]                        integral       8     'hd8                                                
    [4]                        integral       8     'h72                                                
    ...                        ...            ...   ...                                                 
    [227]                      integral       8     'h9d                                                
    [228]                      integral       8     'h7d                                                
    [229]                      integral       8     'h7c                                                
    [230]                      integral       8     'h46                                                
    [231]                      integral       8     'hbd                                                
  begin_time                   time           64    2485                                                
  depth                        int            32    'd2                                                 
  parent sequence (name)       string         3     seq                                                 
  parent sequence (full name)  string         52    uvm_test_top.m_pcie_env.m_pcie_agent.m_sequencer.seq
  sequencer                    string         48    uvm_test_top.m_pcie_env.m_pcie_agent.m_sequencer    
--------------------------------------------------------------------------------------------------------

UVM_INFO testbench.sv(96) @ 3075: uvm_test_top.m_pcie_env.m_pcie_agent.m_sequencer@@seq [SEQ] Generated TLP: --------------------------------------------------------------------------------------------------------
Name                           Type           Size  Value                                               
--------------------------------------------------------------------------------------------------------
req                            pcie_tlp_item  -     @725                                                
  tlp_type                     tlp_type_e     32    CFG_WR                                              
  address                      integral       32    'ha7059008                                          
  length                       integral       32    'h25                                                
  data                         da(integral)   148   -                                                   
    [0]                        integral       8     'h34                                                
    [1]                        integral       8     'h27                                                
    [2]                        integral       8     'ha4                                                
    [3]                        integral       8     'h92                                                
    [4]                        integral       8     'h42                                                
    ...                        ...            ...   ...                                                 
    [143]                      integral       8     'h46                                                
    [144]                      integral       8     'hd5                                                
    [145]                      integral       8     'hbb                                                
    [146]                      integral       8     'he8                                                
    [147]                      integral       8     'h10                                                
  begin_time                   time           64    3075                                                
  depth                        int            32    'd2                                                 
  parent sequence (name)       string         3     seq                                                 
  parent sequence (full name)  string         52    uvm_test_top.m_pcie_env.m_pcie_agent.m_sequencer.seq
  sequencer                    string         48    uvm_test_top.m_pcie_env.m_pcie_agent.m_sequencer    
--------------------------------------------------------------------------------------------------------

UVM_INFO testbench.sv(130) @ 3075: uvm_test_top.m_pcie_env.m_pcie_agent.m_driver [pcie_driver] Driving TLP:
--------------------------------------------------------------------------------------------------------
Name                           Type           Size  Value                                               
--------------------------------------------------------------------------------------------------------
req                            pcie_tlp_item  -     @725                                                
  tlp_type                     tlp_type_e     32    CFG_WR                                              
  address                      integral       32    'ha7059008                                          
  length                       integral       32    'h25                                                
  data                         da(integral)   148   -                                                   
    [0]                        integral       8     'h34                                                
    [1]                        integral       8     'h27                                                
    [2]                        integral       8     'ha4                                                
    [3]                        integral       8     'h92                                                
    [4]                        integral       8     'h42                                                
    ...                        ...            ...   ...                                                 
    [143]                      integral       8     'h46                                                
    [144]                      integral       8     'hd5                                                
    [145]                      integral       8     'hbb                                                
    [146]                      integral       8     'he8                                                
    [147]                      integral       8     'h10                                                
  begin_time                   time           64    3075                                                
  depth                        int            32    'd2                                                 
  parent sequence (name)       string         3     seq                                                 
  parent sequence (full name)  string         52    uvm_test_top.m_pcie_env.m_pcie_agent.m_sequencer.seq
  sequencer                    string         48    uvm_test_top.m_pcie_env.m_pcie_agent.m_sequencer    
--------------------------------------------------------------------------------------------------------

UVM_INFO testbench.sv(96) @ 3455: uvm_test_top.m_pcie_env.m_pcie_agent.m_sequencer@@seq [SEQ] Generated TLP: --------------------------------------------------------------------------------------------------------
Name                           Type           Size  Value                                               
--------------------------------------------------------------------------------------------------------
req                            pcie_tlp_item  -     @729                                                
  tlp_type                     tlp_type_e     32    CFG_WR                                              
  address                      integral       32    'h9e1c1584                                          
  length                       integral       32    'h30                                                
  data                         da(integral)   192   -                                                   
    [0]                        integral       8     'hc6                                                
    [1]                        integral       8     'h49                                                
    [2]                        integral       8     'h88                                                
    [3]                        integral       8     'h9                                                 
    [4]                        integral       8     'h68                                                
    ...                        ...            ...   ...                                                 
    [187]                      integral       8     'heb                                                
    [188]                      integral       8     'hb7                                                
    [189]                      integral       8     'h9a                                                
    [190]                      integral       8     'h68                                                
    [191]                      integral       8     'h22                                                
  begin_time                   time           64    3455                                                
  depth                        int            32    'd2                                                 
  parent sequence (name)       string         3     seq                                                 
  parent sequence (full name)  string         52    uvm_test_top.m_pcie_env.m_pcie_agent.m_sequencer.seq
  sequencer                    string         48    uvm_test_top.m_pcie_env.m_pcie_agent.m_sequencer    
--------------------------------------------------------------------------------------------------------

UVM_INFO testbench.sv(130) @ 3455: uvm_test_top.m_pcie_env.m_pcie_agent.m_driver [pcie_driver] Driving TLP:
--------------------------------------------------------------------------------------------------------
Name                           Type           Size  Value                                               
--------------------------------------------------------------------------------------------------------
req                            pcie_tlp_item  -     @729                                                
  tlp_type                     tlp_type_e     32    CFG_WR                                              
  address                      integral       32    'h9e1c1584                                          
  length                       integral       32    'h30                                                
  data                         da(integral)   192   -                                                   
    [0]                        integral       8     'hc6                                                
    [1]                        integral       8     'h49                                                
    [2]                        integral       8     'h88                                                
    [3]                        integral       8     'h9                                                 
    [4]                        integral       8     'h68                                                
    ...                        ...            ...   ...                                                 
    [187]                      integral       8     'heb                                                
    [188]                      integral       8     'hb7                                                
    [189]                      integral       8     'h9a                                                
    [190]                      integral       8     'h68                                                
    [191]                      integral       8     'h22                                                
  begin_time                   time           64    3455                                                
  depth                        int            32    'd2                                                 
  parent sequence (name)       string         3     seq                                                 
  parent sequence (full name)  string         52    uvm_test_top.m_pcie_env.m_pcie_agent.m_sequencer.seq
  sequencer                    string         48    uvm_test_top.m_pcie_env.m_pcie_agent.m_sequencer    
--------------------------------------------------------------------------------------------------------

UVM_INFO testbench.sv(96) @ 3945: uvm_test_top.m_pcie_env.m_pcie_agent.m_sequencer@@seq [SEQ] Generated TLP: --------------------------------------------------------------------------------------------------------
Name                           Type           Size  Value                                               
--------------------------------------------------------------------------------------------------------
req                            pcie_tlp_item  -     @733                                                
  tlp_type                     tlp_type_e     32    MEM_WR                                              
  address                      integral       32    'he8219c70                                          
  length                       integral       32    'h40                                                
  data                         da(integral)   256   -                                                   
    [0]                        integral       8     'hd6                                                
    [1]                        integral       8     'h10                                                
    [2]                        integral       8     'he9                                                
    [3]                        integral       8     'h3d                                                
    [4]                        integral       8     'h91                                                
    ...                        ...            ...   ...                                                 
    [251]                      integral       8     'h76                                                
    [252]                      integral       8     'hc2                                                
    [253]                      integral       8     'hf7                                                
    [254]                      integral       8     'hfb                                                
    [255]                      integral       8     'h2d                                                
  begin_time                   time           64    3945                                                
  depth                        int            32    'd2                                                 
  parent sequence (name)       string         3     seq                                                 
  parent sequence (full name)  string         52    uvm_test_top.m_pcie_env.m_pcie_agent.m_sequencer.seq
  sequencer                    string         48    uvm_test_top.m_pcie_env.m_pcie_agent.m_sequencer    
--------------------------------------------------------------------------------------------------------

UVM_INFO testbench.sv(130) @ 3945: uvm_test_top.m_pcie_env.m_pcie_agent.m_driver [pcie_driver] Driving TLP:
--------------------------------------------------------------------------------------------------------
Name                           Type           Size  Value                                               
--------------------------------------------------------------------------------------------------------
req                            pcie_tlp_item  -     @733                                                
  tlp_type                     tlp_type_e     32    MEM_WR                                              
  address                      integral       32    'he8219c70                                          
  length                       integral       32    'h40                                                
  data                         da(integral)   256   -                                                   
    [0]                        integral       8     'hd6                                                
    [1]                        integral       8     'h10                                                
    [2]                        integral       8     'he9                                                
    [3]                        integral       8     'h3d                                                
    [4]                        integral       8     'h91                                                
    ...                        ...            ...   ...                                                 
    [251]                      integral       8     'h76                                                
    [252]                      integral       8     'hc2                                                
    [253]                      integral       8     'hf7                                                
    [254]                      integral       8     'hfb                                                
    [255]                      integral       8     'h2d                                                
  begin_time                   time           64    3945                                                
  depth                        int            32    'd2                                                 
  parent sequence (name)       string         3     seq                                                 
  parent sequence (full name)  string         52    uvm_test_top.m_pcie_env.m_pcie_agent.m_sequencer.seq
  sequencer                    string         48    uvm_test_top.m_pcie_env.m_pcie_agent.m_sequencer    
--------------------------------------------------------------------------------------------------------

UVM_INFO testbench.sv(96) @ 4595: uvm_test_top.m_pcie_env.m_pcie_agent.m_sequencer@@seq [SEQ] Generated TLP: --------------------------------------------------------------------------------------------------------
Name                           Type           Size  Value                                               
--------------------------------------------------------------------------------------------------------
req                            pcie_tlp_item  -     @737                                                
  tlp_type                     tlp_type_e     32    CFG_RD                                              
  address                      integral       32    'hc1a1836c                                          
  length                       integral       32    'h34                                                
  data                         da(integral)   0     -                                                   
  begin_time                   time           64    4595                                                
  depth                        int            32    'd2                                                 
  parent sequence (name)       string         3     seq                                                 
  parent sequence (full name)  string         52    uvm_test_top.m_pcie_env.m_pcie_agent.m_sequencer.seq
  sequencer                    string         48    uvm_test_top.m_pcie_env.m_pcie_agent.m_sequencer    
--------------------------------------------------------------------------------------------------------

UVM_INFO testbench.sv(130) @ 4595: uvm_test_top.m_pcie_env.m_pcie_agent.m_driver [pcie_driver] Driving TLP:
--------------------------------------------------------------------------------------------------------
Name                           Type           Size  Value                                               
--------------------------------------------------------------------------------------------------------
req                            pcie_tlp_item  -     @737                                                
  tlp_type                     tlp_type_e     32    CFG_RD                                              
  address                      integral       32    'hc1a1836c                                          
  length                       integral       32    'h34                                                
  data                         da(integral)   0     -                                                   
  begin_time                   time           64    4595                                                
  depth                        int            32    'd2                                                 
  parent sequence (name)       string         3     seq                                                 
  parent sequence (full name)  string         52    uvm_test_top.m_pcie_env.m_pcie_agent.m_sequencer.seq
  sequencer                    string         48    uvm_test_top.m_pcie_env.m_pcie_agent.m_sequencer    
--------------------------------------------------------------------------------------------------------

UVM_INFO testbench.sv(96) @ 4615: uvm_test_top.m_pcie_env.m_pcie_agent.m_sequencer@@seq [SEQ] Generated TLP: --------------------------------------------------------------------------------------------------------
Name                           Type           Size  Value                                               
--------------------------------------------------------------------------------------------------------
req                            pcie_tlp_item  -     @741                                                
  tlp_type                     tlp_type_e     32    CFG_WR                                              
  address                      integral       32    'h5dd49e40                                          
  length                       integral       32    'h20                                                
  data                         da(integral)   128   -                                                   
    [0]                        integral       8     'h21                                                
    [1]                        integral       8     'hc0                                                
    [2]                        integral       8     'h3c                                                
    [3]                        integral       8     'haf                                                
    [4]                        integral       8     'hd9                                                
    ...                        ...            ...   ...                                                 
    [123]                      integral       8     'h61                                                
    [124]                      integral       8     'hd2                                                
    [125]                      integral       8     'h14                                                
    [126]                      integral       8     'hb1                                                
    [127]                      integral       8     'h4a                                                
  begin_time                   time           64    4615                                                
  depth                        int            32    'd2                                                 
  parent sequence (name)       string         3     seq                                                 
  parent sequence (full name)  string         52    uvm_test_top.m_pcie_env.m_pcie_agent.m_sequencer.seq
  sequencer                    string         48    uvm_test_top.m_pcie_env.m_pcie_agent.m_sequencer    
--------------------------------------------------------------------------------------------------------

UVM_INFO testbench.sv(130) @ 4615: uvm_test_top.m_pcie_env.m_pcie_agent.m_driver [pcie_driver] Driving TLP:
--------------------------------------------------------------------------------------------------------
Name                           Type           Size  Value                                               
--------------------------------------------------------------------------------------------------------
req                            pcie_tlp_item  -     @741                                                
  tlp_type                     tlp_type_e     32    CFG_WR                                              
  address                      integral       32    'h5dd49e40                                          
  length                       integral       32    'h20                                                
  data                         da(integral)   128   -                                                   
    [0]                        integral       8     'h21                                                
    [1]                        integral       8     'hc0                                                
    [2]                        integral       8     'h3c                                                
    [3]                        integral       8     'haf                                                
    [4]                        integral       8     'hd9                                                
    ...                        ...            ...   ...                                                 
    [123]                      integral       8     'h61                                                
    [124]                      integral       8     'hd2                                                
    [125]                      integral       8     'h14                                                
    [126]                      integral       8     'hb1                                                
    [127]                      integral       8     'h4a                                                
  begin_time                   time           64    4615                                                
  depth                        int            32    'd2                                                 
  parent sequence (name)       string         3     seq                                                 
  parent sequence (full name)  string         52    uvm_test_top.m_pcie_env.m_pcie_agent.m_sequencer.seq
  sequencer                    string         48    uvm_test_top.m_pcie_env.m_pcie_agent.m_sequencer    
--------------------------------------------------------------------------------------------------------

UVM_INFO testbench.sv(96) @ 4945: uvm_test_top.m_pcie_env.m_pcie_agent.m_sequencer@@seq [SEQ] Generated TLP: --------------------------------------------------------------------------------------------------------
Name                           Type           Size  Value                                               
--------------------------------------------------------------------------------------------------------
req                            pcie_tlp_item  -     @745                                                
  tlp_type                     tlp_type_e     32    MEM_WR                                              
  address                      integral       32    'h3d4f5218                                          
  length                       integral       32    'h3b                                                
  data                         da(integral)   236   -                                                   
    [0]                        integral       8     'h25                                                
    [1]                        integral       8     'h29                                                
    [2]                        integral       8     'hda                                                
    [3]                        integral       8     'h57                                                
    [4]                        integral       8     'hcf                                                
    ...                        ...            ...   ...                                                 
    [231]                      integral       8     'h5a                                                
    [232]                      integral       8     'h0                                                 
    [233]                      integral       8     'h58                                                
    [234]                      integral       8     'h7a                                                
    [235]                      integral       8     'hb                                                 
  begin_time                   time           64    4945                                                
  depth                        int            32    'd2                                                 
  parent sequence (name)       string         3     seq                                                 
  parent sequence (full name)  string         52    uvm_test_top.m_pcie_env.m_pcie_agent.m_sequencer.seq
  sequencer                    string         48    uvm_test_top.m_pcie_env.m_pcie_agent.m_sequencer    
--------------------------------------------------------------------------------------------------------

UVM_INFO testbench.sv(130) @ 4945: uvm_test_top.m_pcie_env.m_pcie_agent.m_driver [pcie_driver] Driving TLP:
--------------------------------------------------------------------------------------------------------
Name                           Type           Size  Value                                               
--------------------------------------------------------------------------------------------------------
req                            pcie_tlp_item  -     @745                                                
  tlp_type                     tlp_type_e     32    MEM_WR                                              
  address                      integral       32    'h3d4f5218                                          
  length                       integral       32    'h3b                                                
  data                         da(integral)   236   -                                                   
    [0]                        integral       8     'h25                                                
    [1]                        integral       8     'h29                                                
    [2]                        integral       8     'hda                                                
    [3]                        integral       8     'h57                                                
    [4]                        integral       8     'hcf                                                
    ...                        ...            ...   ...                                                 
    [231]                      integral       8     'h5a                                                
    [232]                      integral       8     'h0                                                 
    [233]                      integral       8     'h58                                                
    [234]                      integral       8     'h7a                                                
    [235]                      integral       8     'hb                                                 
  begin_time                   time           64    4945                                                
  depth                        int            32    'd2                                                 
  parent sequence (name)       string         3     seq                                                 
  parent sequence (full name)  string         52    uvm_test_top.m_pcie_env.m_pcie_agent.m_sequencer.seq
  sequencer                    string         48    uvm_test_top.m_pcie_env.m_pcie_agent.m_sequencer    
--------------------------------------------------------------------------------------------------------

UVM_INFO testbench.sv(96) @ 5545: uvm_test_top.m_pcie_env.m_pcie_agent.m_sequencer@@seq [SEQ] Generated TLP: --------------------------------------------------------------------------------------------------------
Name                           Type           Size  Value                                               
--------------------------------------------------------------------------------------------------------
req                            pcie_tlp_item  -     @749                                                
  tlp_type                     tlp_type_e     32    CFG_WR                                              
  address                      integral       32    'h2dcd080                                           
  length                       integral       32    'h38                                                
  data                         da(integral)   224   -                                                   
    [0]                        integral       8     'h6d                                                
    [1]                        integral       8     'hc6                                                
    [2]                        integral       8     'hca                                                
    [3]                        integral       8     'h80                                                
    [4]                        integral       8     'h61                                                
    ...                        ...            ...   ...                                                 
    [219]                      integral       8     'hab                                                
    [220]                      integral       8     'h69                                                
    [221]                      integral       8     'h60                                                
    [222]                      integral       8     'h5a                                                
    [223]                      integral       8     'h97                                                
  begin_time                   time           64    5545                                                
  depth                        int            32    'd2                                                 
  parent sequence (name)       string         3     seq                                                 
  parent sequence (full name)  string         52    uvm_test_top.m_pcie_env.m_pcie_agent.m_sequencer.seq
  sequencer                    string         48    uvm_test_top.m_pcie_env.m_pcie_agent.m_sequencer    
--------------------------------------------------------------------------------------------------------

UVM_INFO testbench.sv(130) @ 5545: uvm_test_top.m_pcie_env.m_pcie_agent.m_driver [pcie_driver] Driving TLP:
--------------------------------------------------------------------------------------------------------
Name                           Type           Size  Value                                               
--------------------------------------------------------------------------------------------------------
req                            pcie_tlp_item  -     @749                                                
  tlp_type                     tlp_type_e     32    CFG_WR                                              
  address                      integral       32    'h2dcd080                                           
  length                       integral       32    'h38                                                
  data                         da(integral)   224   -                                                   
    [0]                        integral       8     'h6d                                                
    [1]                        integral       8     'hc6                                                
    [2]                        integral       8     'hca                                                
    [3]                        integral       8     'h80                                                
    [4]                        integral       8     'h61                                                
    ...                        ...            ...   ...                                                 
    [219]                      integral       8     'hab                                                
    [220]                      integral       8     'h69                                                
    [221]                      integral       8     'h60                                                
    [222]                      integral       8     'h5a                                                
    [223]                      integral       8     'h97                                                
  begin_time                   time           64    5545                                                
  depth                        int            32    'd2                                                 
  parent sequence (name)       string         3     seq                                                 
  parent sequence (full name)  string         52    uvm_test_top.m_pcie_env.m_pcie_agent.m_sequencer.seq
  sequencer                    string         48    uvm_test_top.m_pcie_env.m_pcie_agent.m_sequencer    
--------------------------------------------------------------------------------------------------------

UVM_INFO testbench.sv(96) @ 6115: uvm_test_top.m_pcie_env.m_pcie_agent.m_sequencer@@seq [SEQ] Generated TLP: --------------------------------------------------------------------------------------------------------
Name                           Type           Size  Value                                               
--------------------------------------------------------------------------------------------------------
req                            pcie_tlp_item  -     @753                                                
  tlp_type                     tlp_type_e     32    MEM_WR                                              
  address                      integral       32    'hb8acd89c                                          
  length                       integral       32    'h2                                                 
  data                         da(integral)   8     -                                                   
    [0]                        integral       8     'he9                                                
    [1]                        integral       8     'hef                                                
    [2]                        integral       8     'h42                                                
    [3]                        integral       8     'h17                                                
    [4]                        integral       8     'hd0                                                
    [5]                        integral       8     'ha1                                                
    [6]                        integral       8     'hc3                                                
    [7]                        integral       8     'h6d                                                
  begin_time                   time           64    6115                                                
  depth                        int            32    'd2                                                 
  parent sequence (name)       string         3     seq                                                 
  parent sequence (full name)  string         52    uvm_test_top.m_pcie_env.m_pcie_agent.m_sequencer.seq
  sequencer                    string         48    uvm_test_top.m_pcie_env.m_pcie_agent.m_sequencer    
--------------------------------------------------------------------------------------------------------

UVM_INFO testbench.sv(130) @ 6115: uvm_test_top.m_pcie_env.m_pcie_agent.m_driver [pcie_driver] Driving TLP:
--------------------------------------------------------------------------------------------------------
Name                           Type           Size  Value                                               
--------------------------------------------------------------------------------------------------------
req                            pcie_tlp_item  -     @753                                                
  tlp_type                     tlp_type_e     32    MEM_WR                                              
  address                      integral       32    'hb8acd89c                                          
  length                       integral       32    'h2                                                 
  data                         da(integral)   8     -                                                   
    [0]                        integral       8     'he9                                                
    [1]                        integral       8     'hef                                                
    [2]                        integral       8     'h42                                                
    [3]                        integral       8     'h17                                                
    [4]                        integral       8     'hd0                                                
    [5]                        integral       8     'ha1                                                
    [6]                        integral       8     'hc3                                                
    [7]                        integral       8     'h6d                                                
  begin_time                   time           64    6115                                                
  depth                        int            32    'd2                                                 
  parent sequence (name)       string         3     seq                                                 
  parent sequence (full name)  string         52    uvm_test_top.m_pcie_env.m_pcie_agent.m_sequencer.seq
  sequencer                    string         48    uvm_test_top.m_pcie_env.m_pcie_agent.m_sequencer    
--------------------------------------------------------------------------------------------------------

UVM_INFO testbench.sv(96) @ 6145: uvm_test_top.m_pcie_env.m_pcie_agent.m_sequencer@@seq [SEQ] Generated TLP: --------------------------------------------------------------------------------------------------------
Name                           Type           Size  Value                                               
--------------------------------------------------------------------------------------------------------
req                            pcie_tlp_item  -     @757                                                
  tlp_type                     tlp_type_e     32    CFG_WR                                              
  address                      integral       32    'hbd422074                                          
  length                       integral       32    'h29                                                
  data                         da(integral)   164   -                                                   
    [0]                        integral       8     'h81                                                
    [1]                        integral       8     'h17                                                
    [2]                        integral       8     'h1f                                                
    [3]                        integral       8     'hbb                                                
    [4]                        integral       8     'h97                                                
    ...                        ...            ...   ...                                                 
    [159]                      integral       8     'h78                                                
    [160]                      integral       8     'hca                                                
    [161]                      integral       8     'h83                                                
    [162]                      integral       8     'hf3                                                
    [163]                      integral       8     'h2e                                                
  begin_time                   time           64    6145                                                
  depth                        int            32    'd2                                                 
  parent sequence (name)       string         3     seq                                                 
  parent sequence (full name)  string         52    uvm_test_top.m_pcie_env.m_pcie_agent.m_sequencer.seq
  sequencer                    string         48    uvm_test_top.m_pcie_env.m_pcie_agent.m_sequencer    
--------------------------------------------------------------------------------------------------------

UVM_INFO testbench.sv(130) @ 6145: uvm_test_top.m_pcie_env.m_pcie_agent.m_driver [pcie_driver] Driving TLP:
--------------------------------------------------------------------------------------------------------
Name                           Type           Size  Value                                               
--------------------------------------------------------------------------------------------------------
req                            pcie_tlp_item  -     @757                                                
  tlp_type                     tlp_type_e     32    CFG_WR                                              
  address                      integral       32    'hbd422074                                          
  length                       integral       32    'h29                                                
  data                         da(integral)   164   -                                                   
    [0]                        integral       8     'h81                                                
    [1]                        integral       8     'h17                                                
    [2]                        integral       8     'h1f                                                
    [3]                        integral       8     'hbb                                                
    [4]                        integral       8     'h97                                                
    ...                        ...            ...   ...                                                 
    [159]                      integral       8     'h78                                                
    [160]                      integral       8     'hca                                                
    [161]                      integral       8     'h83                                                
    [162]                      integral       8     'hf3                                                
    [163]                      integral       8     'h2e                                                
  begin_time                   time           64    6145                                                
  depth                        int            32    'd2                                                 
  parent sequence (name)       string         3     seq                                                 
  parent sequence (full name)  string         52    uvm_test_top.m_pcie_env.m_pcie_agent.m_sequencer.seq
  sequencer                    string         48    uvm_test_top.m_pcie_env.m_pcie_agent.m_sequencer    
--------------------------------------------------------------------------------------------------------

UVM_INFO /apps/vcsmx/vcs/U-2023.03-SP2//etc/uvm-1.1/src/base/uvm_objection.svh(1274) @ 6565: reporter [TEST_DONE] 'run' phase is ready to proceed to the 'extract' phase

--- UVM Report Summary ---

** Report counts by severity
UVM_INFO :   44
UVM_WARNING :    0
UVM_ERROR :    0
UVM_FATAL :    0
** Report counts by id
[RNTST]     1
[SEQ]    21
[TEST]     1
[TEST_DONE]     1
[pcie_driver]    20
$finish called from file "/apps/vcsmx/vcs/U-2023.03-SP2//etc/uvm-1.1/src/base/uvm_root.svh", line 437.
$finish at simulation time                 6565
           V C S   S i m u l a t i o n   R e p o r t 
Time: 6565 ns
CPU Time:      0.580 seconds;       Data structure size:   0.3Mb
Fri Jul 25 16:58:57 2025
Finding VCD file...
./dump.vcd
[2025-07-25 20:58:58 UTC] Opening EPWave...
Done
